<?xml version="1.0" encoding="UTF-8"?>
<!-- Generated by org.testng.reporters.JUnitReportReporter -->
<testsuite skipped="0" hostname="L1130073236" name="com.dictionary.apitest.Check_StatusCode_WordDefinations_ValidWord_Test" tests="1" failures="0" timestamp="21 Feb 2019 00:54:13 GMT" time="3.323" errors="0">
  <testcase name="validateResponseCodeandWordDefinationsforValidWord" time="3.323" classname="com.dictionary.apitest.Check_StatusCode_WordDefinations_ValidWord_Test"/>
</testsuite> <!-- com.dictionary.apitest.Check_StatusCode_WordDefinations_ValidWord_Test -->
